This is XeTeX, Version 3.14159265-2.6-0.999992 (TeX Live 2020/Debian) (preloaded format=xelatex 2020.6.1)  4 JUN 2020 18:45
entering extended mode
 restricted \write18 enabled.
 %&-line parsing enabled.
**"Machine Learing Project2 report.tex"
(./Machine Learing Project2 report.tex
LaTeX2e <2020-02-02> patch level 5
L3 programming layer <2020-05-15>
(/usr/share/texlive/texmf-dist/tex/latex/ctex/ctexart.cls
(/usr/share/texlive/texmf-dist/tex/latex/ctex/config/ctexbackend.cfg
File: ctexbackend.cfg 2020/05/16 v2.5.2 Backend configuration file (CTEX)
)
(/usr/share/texlive/texmf-dist/tex/latex/l3kernel/expl3.sty
Package: expl3 2020-05-15 L3 programming layer (loader) 

(/usr/share/texlive/texmf-dist/tex/latex/l3backend/l3backend-xdvipdfmx.def
File: l3backend-xdvipdfmx.def 2020-05-05 L3 backend support: xdvipdfmx
\g__graphics_track_int=\count163
\l__pdf_internal_box=\box45
\g__pdf_backend_object_int=\count164
\g__pdf_backend_annotation_int=\count165
))
Document Class: ctexart 2020/05/16 v2.5.2 Chinese adapter for class article (CT
EX)
(/usr/share/texlive/texmf-dist/tex/latex/l3packages/xparse/xparse.sty
Package: xparse 2020-05-15 L3 Experimental document command parser

(/usr/share/texlive/texmf-dist/tex/latex/l3packages/xparse/xparse-generic.tex
\l__xparse_current_arg_int=\count166
\g__xparse_grabber_int=\count167
\l__xparse_m_args_int=\count168
\l__xparse_v_nesting_int=\count169
)) (/usr/share/texlive/texmf-dist/tex/latex/l3packages/l3keys2e/l3keys2e.sty
Package: l3keys2e 2020-05-15 LaTeX2e option processing using LaTeX3 keys
)
(/usr/share/texlive/texmf-dist/tex/latex/ctex/ctexhook.sty
Package: ctexhook 2020/05/16 v2.5.2 Document and package hooks (CTEX)
)
(/usr/share/texlive/texmf-dist/tex/latex/ctex/ctexpatch.sty
Package: ctexpatch 2020/05/16 v2.5.2 Patching commands (CTEX)
)
(/usr/share/texlive/texmf-dist/tex/latex/base/fix-cm.sty
Package: fix-cm 2015/01/14 v1.1t fixes to LaTeX

(/usr/share/texlive/texmf-dist/tex/latex/base/ts1enc.def
File: ts1enc.def 2001/06/05 v3.0e (jk/car/fm) Standard LaTeX file
LaTeX Font Info:    Redeclaring font encoding TS1 on input line 47.
))
(/usr/share/texlive/texmf-dist/tex/latex/ms/everysel.sty
Package: everysel 2011/10/28 v1.2 EverySelectfont Package (MS)
)
\l__ctex_tmp_int=\count170
\l__ctex_tmp_box=\box46
\l__ctex_tmp_dim=\dimen134
\g__ctex_section_depth_int=\count171
\g__ctex_font_size_int=\count172

(/usr/share/texlive/texmf-dist/tex/latex/ctex/config/ctexopts.cfg
File: ctexopts.cfg 2020/05/16 v2.5.2 Option configuration file (CTEX)
)
(/usr/share/texlive/texmf-dist/tex/latex/base/article.cls
Document Class: article 2019/12/20 v1.4l Standard LaTeX document class
(/usr/share/texlive/texmf-dist/tex/latex/base/size10.clo
File: size10.clo 2019/12/20 v1.4l Standard LaTeX file (size option)
)
\c@part=\count173
\c@section=\count174
\c@subsection=\count175
\c@subsubsection=\count176
\c@paragraph=\count177
\c@subparagraph=\count178
\c@figure=\count179
\c@table=\count180
\abovecaptionskip=\skip47
\belowcaptionskip=\skip48
\bibindent=\dimen135
)
(/usr/share/texlive/texmf-dist/tex/latex/ctex/engine/ctex-engine-xetex.def
File: ctex-engine-xetex.def 2020/05/16 v2.5.2 XeLaTeX adapter (CTEX)

(/usr/share/texlive/texmf-dist/tex/xelatex/xecjk/xeCJK.sty
Package: xeCJK 2020/05/01 v3.8.3 Typesetting CJK scripts with XeLaTeX

(/usr/share/texlive/texmf-dist/tex/latex/l3packages/xtemplate/xtemplate.sty
Package: xtemplate 2020-05-15 L3 Experimental prototype document functions
\l__xtemplate_tmp_dim=\dimen136
\l__xtemplate_tmp_int=\count181
\l__xtemplate_tmp_muskip=\muskip16
\l__xtemplate_tmp_skip=\skip49
)
\l__xeCJK_tmp_int=\count182
\l__xeCJK_tmp_box=\box47
\l__xeCJK_tmp_dim=\dimen137
\l__xeCJK_tmp_skip=\skip50
\g__xeCJK_space_factor_int=\count183
\l__xeCJK_begin_int=\count184
\l__xeCJK_end_int=\count185
\c__xeCJK_CJK_class_int=\XeTeXcharclass1
\c__xeCJK_FullLeft_class_int=\XeTeXcharclass2
\c__xeCJK_FullRight_class_int=\XeTeXcharclass3
\c__xeCJK_HalfLeft_class_int=\XeTeXcharclass4
\c__xeCJK_HalfRight_class_int=\XeTeXcharclass5
\c__xeCJK_NormalSpace_class_int=\XeTeXcharclass6
\c__xeCJK_CM_class_int=\XeTeXcharclass7
\c__xeCJK_HangulJamo_class_int=\XeTeXcharclass8
\l__xeCJK_last_skip=\skip51
\g__xeCJK_node_int=\count186
\c__xeCJK_CJK_node_dim=\dimen138
\c__xeCJK_CJK-space_node_dim=\dimen139
\c__xeCJK_default_node_dim=\dimen140
\c__xeCJK_default-space_node_dim=\dimen141
\c__xeCJK_CJK-widow_node_dim=\dimen142
\c__xeCJK_normalspace_node_dim=\dimen143
\l__xeCJK_ccglue_skip=\skip52
\l__xeCJK_ecglue_skip=\skip53
\l__xeCJK_punct_kern_skip=\skip54
\l__xeCJK_last_penalty_int=\count187
\l__xeCJK_last_bound_dim=\dimen144
\l__xeCJK_last_kern_dim=\dimen145
\l__xeCJK_widow_penalty_int=\count188

Package xtemplate Info: Declaring object type 'xeCJK/punctuation' taking 0
(xtemplate)             argument(s) on line 2302.

\l__xeCJK_fixed_punct_width_dim=\dimen146
\l__xeCJK_mixed_punct_width_dim=\dimen147
\l__xeCJK_middle_punct_width_dim=\dimen148
\l__xeCJK_fixed_margin_width_dim=\dimen149
\l__xeCJK_mixed_margin_width_dim=\dimen150
\l__xeCJK_middle_margin_width_dim=\dimen151
\l__xeCJK_bound_punct_width_dim=\dimen152
\l__xeCJK_bound_margin_width_dim=\dimen153
\l__xeCJK_margin_minimum_dim=\dimen154
\l__xeCJK_kerning_total_width_dim=\dimen155
\l__xeCJK_same_align_margin_dim=\dimen156
\l__xeCJK_different_align_margin_dim=\dimen157
\l__xeCJK_kerning_margin_width_dim=\dimen158
\l__xeCJK_kerning_margin_minimum_dim=\dimen159
\l__xeCJK_bound_dim=\dimen160
\l__xeCJK_reverse_bound_dim=\dimen161
\l__xeCJK_margin_dim=\dimen162
\l__xeCJK_minimum_bound_dim=\dimen163
\l__xeCJK_kerning_margin_dim=\dimen164
\g__xeCJK_family_int=\count189
\l__xeCJK_fam_int=\count190
\g__xeCJK_fam_allocation_int=\count191
\l__xeCJK_verb_case_int=\count192
\l__xeCJK_verb_exspace_skip=\skip55

(/usr/share/texlive/texmf-dist/tex/latex/fontspec/fontspec.sty
Package: fontspec 2020/02/21 v2.7i Font selection for XeLaTeX and LuaLaTeX

(/usr/share/texlive/texmf-dist/tex/latex/fontspec/fontspec-xetex.sty
Package: fontspec-xetex 2020/02/21 v2.7i Font selection for XeLaTeX and LuaLaTe
X
\l__fontspec_script_int=\count193
\l__fontspec_language_int=\count194
\l__fontspec_strnum_int=\count195
\l__fontspec_tmp_int=\count196
\l__fontspec_tmpa_int=\count197
\l__fontspec_tmpb_int=\count198
\l__fontspec_tmpc_int=\count199
\l__fontspec_em_int=\count266
\l__fontspec_emdef_int=\count267
\l__fontspec_strong_int=\count268
\l__fontspec_strongdef_int=\count269
\l__fontspec_tmpa_dim=\dimen165
\l__fontspec_tmpb_dim=\dimen166
\l__fontspec_tmpc_dim=\dimen167

(/usr/share/texlive/texmf-dist/tex/latex/base/fontenc.sty
Package: fontenc 2020/02/11 v2.0o Standard LaTeX package
)
(/usr/share/texlive/texmf-dist/tex/latex/fontspec/fontspec.cfg)))
(/usr/share/texlive/texmf-dist/tex/xelatex/xecjk/xeCJK.cfg
File: xeCJK.cfg 2020/05/01 v3.8.3 Configuration file for xeCJK package
))
\ccwd=\dimen168
\l__ctex_ccglue_skip=\skip56
)
\l__ctex_ziju_dim=\dimen169

(/usr/share/texlive/texmf-dist/tex/latex/zhnumber/zhnumber.sty
Package: zhnumber 2020/05/01 v2.8 Typesetting numbers with Chinese glyphs
\l__zhnum_scale_int=\count270

(/usr/share/texlive/texmf-dist/tex/latex/zhnumber/zhnumber-utf8.cfg
File: zhnumber-utf8.cfg 2020/05/01 v2.8 Chinese numerals with UTF8 encoding
))
\l__ctex_heading_skip=\skip57

(/usr/share/texlive/texmf-dist/tex/latex/ctex/scheme/ctex-scheme-chinese-articl
e.def
File: ctex-scheme-chinese-article.def 2020/05/16 v2.5.2 Chinese scheme for arti
cle (CTEX)
 (/usr/share/texlive/texmf-dist/tex/latex/ctex/config/ctex-name-utf8.cfg
File: ctex-name-utf8.cfg 2020/05/16 v2.5.2 Caption with encoding UTF-8 (CTEX)
)) (/usr/share/texlive/texmf-dist/tex/latex/ctex/ctex-c5size.clo
File: ctex-c5size.clo 2020/05/16 v2.5.2 c5size option (CTEX)
)
(/usr/share/texlive/texmf-dist/tex/latex/ctex/fontset/ctex-fontset-fandol.def
File: ctex-fontset-fandol.def 2020/05/16 v2.5.2 Fandol fonts definition (CTEX)


Package fontspec Warning: Font "FandolSong-Regular" does not contain requested
(fontspec)                Script "CJK".


Package fontspec Info: Font family 'FandolSong-Regular(0)' created for font
(fontspec)             'FandolSong-Regular' with options
(fontspec)             [Script={CJK},Extension={.otf},BoldFont={FandolSong-Bold
},ItalicFont={FandolKai-Regular}].
(fontspec)              
(fontspec)              This font family consists of the following NFSS
(fontspec)             series/shapes:
(fontspec)              
(fontspec)             - 'normal' (m/n) with NFSS spec.:
(fontspec)             <->"[FandolSong-Regular.otf]/OT:language=dflt;"
(fontspec)             - 'small caps'  (m/sc) with NFSS spec.: 
(fontspec)             - 'bold' (b/n) with NFSS spec.:
(fontspec)             <->"[FandolSong-Bold.otf]/OT:language=dflt;"
(fontspec)             - 'bold small caps'  (b/sc) with NFSS spec.: 
(fontspec)             - 'italic' (m/it) with NFSS spec.:
(fontspec)             <->"[FandolKai-Regular.otf]/OT:language=dflt;"
(fontspec)             - 'italic small caps'  (m/scit) with NFSS spec.: 

)) (/usr/share/texlive/texmf-dist/tex/latex/ctex/config/ctex.cfg
File: ctex.cfg 2020/05/16 v2.5.2 Configuration file (CTEX)
)
(/usr/share/texlive/texmf-dist/tex/latex/geometry/geometry.sty
Package: geometry 2020/01/02 v5.9 Page Geometry

(/usr/share/texlive/texmf-dist/tex/latex/graphics/keyval.sty
Package: keyval 2014/10/28 v1.15 key=value parser (DPC)
\KV@toks@=\toks15
)
(/usr/share/texlive/texmf-dist/tex/generic/iftex/ifvtex.sty
Package: ifvtex 2019/10/25 v1.7 ifvtex legacy package. Use iftex instead.

(/usr/share/texlive/texmf-dist/tex/generic/iftex/iftex.sty
Package: iftex 2020/03/06 v1.0d TeX engine tests
))
\Gm@cnth=\count271
\Gm@cntv=\count272
\c@Gm@tempcnt=\count273
\Gm@bindingoffset=\dimen170
\Gm@wd@mp=\dimen171
\Gm@odd@mp=\dimen172
\Gm@even@mp=\dimen173
\Gm@layoutwidth=\dimen174
\Gm@layoutheight=\dimen175
\Gm@layouthoffset=\dimen176
\Gm@layoutvoffset=\dimen177
\Gm@dimlist=\toks16
)
(/usr/share/texlive/texmf-dist/tex/latex/listings/listings.sty
\lst@mode=\count274
\lst@gtempboxa=\box48
\lst@token=\toks17
\lst@length=\count275
\lst@currlwidth=\dimen178
\lst@column=\count276
\lst@pos=\count277
\lst@lostspace=\dimen179
\lst@width=\dimen180
\lst@newlines=\count278
\lst@lineno=\count279
\lst@maxwidth=\dimen181

(/usr/share/texlive/texmf-dist/tex/latex/listings/lstmisc.sty
File: lstmisc.sty 2020/03/24 1.8d (Carsten Heinz)
\c@lstnumber=\count280
\lst@skipnumbers=\count281
\lst@framebox=\box49
)
(/usr/share/texlive/texmf-dist/tex/latex/listings/listings.cfg
File: listings.cfg 2020/03/24 1.8d listings configuration
))
Package: listings 2020/03/24 1.8d (Carsten Heinz)

(/usr/share/texlive/texmf-dist/tex/xelatex/xecjk/xeCJK-listings.sty
Package: xeCJK-listings 2020/05/01 v3.8.3 xeCJK patch file for listings
\l__xeCJK_listings_max_char_int=\count282
\l__xeCJK_listings_flag_int=\count283
)
(/usr/share/texlive/texmf-dist/tex/latex/graphics/graphicx.sty
Package: graphicx 2019/11/30 v1.2a Enhanced LaTeX Graphics (DPC,SPQR)

(/usr/share/texlive/texmf-dist/tex/latex/graphics/graphics.sty
Package: graphics 2019/11/30 v1.4a Standard LaTeX Graphics (DPC,SPQR)

(/usr/share/texlive/texmf-dist/tex/latex/graphics/trig.sty
Package: trig 2016/01/03 v1.10 sin cos tan (DPC)
)
(/usr/share/texlive/texmf-dist/tex/latex/graphics-cfg/graphics.cfg
File: graphics.cfg 2016/06/04 v1.11 sample graphics configuration
)
Package graphics Info: Driver file: xetex.def on input line 105.

(/usr/share/texlive/texmf-dist/tex/latex/graphics-def/xetex.def
File: xetex.def 2017/06/24 v5.0h Graphics/color driver for xetex
))
\Gin@req@height=\dimen182
\Gin@req@width=\dimen183
)
\@indexfile=\write3
\openout3 = `"Machine Learing Project2 report.idx"'.


Writing index file "Machine Learing Project2 report".idx
(./Machine Learing Project2 report.aux)
\openout1 = `"Machine Learing Project2 report.aux"'.

LaTeX Font Info:    Checking defaults for OML/cmm/m/it on input line 11.
LaTeX Font Info:    ... okay on input line 11.
LaTeX Font Info:    Checking defaults for OMS/cmsy/m/n on input line 11.
LaTeX Font Info:    ... okay on input line 11.
LaTeX Font Info:    Checking defaults for OT1/cmr/m/n on input line 11.
LaTeX Font Info:    ... okay on input line 11.
LaTeX Font Info:    Checking defaults for T1/cmr/m/n on input line 11.
LaTeX Font Info:    ... okay on input line 11.
LaTeX Font Info:    Checking defaults for TS1/cmr/m/n on input line 11.
LaTeX Font Info:    ... okay on input line 11.
LaTeX Font Info:    Checking defaults for TU/lmr/m/n on input line 11.
LaTeX Font Info:    ... okay on input line 11.
LaTeX Font Info:    Checking defaults for OMX/cmex/m/n on input line 11.
LaTeX Font Info:    ... okay on input line 11.
LaTeX Font Info:    Checking defaults for U/cmr/m/n on input line 11.
LaTeX Font Info:    ... okay on input line 11.

ABD: EverySelectfont initializing macros
LaTeX Info: Redefining \selectfont on input line 11.

Package fontspec Info: Adjusting the maths setup (use [no-math] to avoid
(fontspec)             this).

\symlegacymaths=\mathgroup4
LaTeX Font Info:    Overwriting symbol font `legacymaths' in version `bold'
(Font)                  OT1/cmr/m/n --> OT1/cmr/bx/n on input line 11.
LaTeX Font Info:    Redeclaring math accent \acute on input line 11.
LaTeX Font Info:    Redeclaring math accent \grave on input line 11.
LaTeX Font Info:    Redeclaring math accent \ddot on input line 11.
LaTeX Font Info:    Redeclaring math accent \tilde on input line 11.
LaTeX Font Info:    Redeclaring math accent \bar on input line 11.
LaTeX Font Info:    Redeclaring math accent \breve on input line 11.
LaTeX Font Info:    Redeclaring math accent \check on input line 11.
LaTeX Font Info:    Redeclaring math accent \hat on input line 11.
LaTeX Font Info:    Redeclaring math accent \dot on input line 11.
LaTeX Font Info:    Redeclaring math accent \mathring on input line 11.
LaTeX Font Info:    Redeclaring math symbol \colon on input line 11.
LaTeX Font Info:    Redeclaring math symbol \Gamma on input line 11.
LaTeX Font Info:    Redeclaring math symbol \Delta on input line 11.
LaTeX Font Info:    Redeclaring math symbol \Theta on input line 11.
LaTeX Font Info:    Redeclaring math symbol \Lambda on input line 11.
LaTeX Font Info:    Redeclaring math symbol \Xi on input line 11.
LaTeX Font Info:    Redeclaring math symbol \Pi on input line 11.
LaTeX Font Info:    Redeclaring math symbol \Sigma on input line 11.
LaTeX Font Info:    Redeclaring math symbol \Upsilon on input line 11.
LaTeX Font Info:    Redeclaring math symbol \Phi on input line 11.
LaTeX Font Info:    Redeclaring math symbol \Psi on input line 11.
LaTeX Font Info:    Redeclaring math symbol \Omega on input line 11.
LaTeX Font Info:    Redeclaring math symbol \mathdollar on input line 11.
LaTeX Font Info:    Redeclaring symbol font `operators' on input line 11.
LaTeX Font Info:    Encoding `OT1' has changed to `TU' for symbol font
(Font)              `operators' in the math version `normal' on input line 11.
LaTeX Font Info:    Overwriting symbol font `operators' in version `normal'
(Font)                  OT1/cmr/m/n --> TU/lmr/m/n on input line 11.
LaTeX Font Info:    Encoding `OT1' has changed to `TU' for symbol font
(Font)              `operators' in the math version `bold' on input line 11.
LaTeX Font Info:    Overwriting symbol font `operators' in version `bold'
(Font)                  OT1/cmr/bx/n --> TU/lmr/m/n on input line 11.
LaTeX Font Info:    Overwriting symbol font `operators' in version `normal'
(Font)                  TU/lmr/m/n --> TU/lmr/m/n on input line 11.
LaTeX Font Info:    Overwriting math alphabet `\mathit' in version `normal'
(Font)                  OT1/cmr/m/it --> TU/lmr/m/it on input line 11.
LaTeX Font Info:    Overwriting math alphabet `\mathbf' in version `normal'
(Font)                  OT1/cmr/bx/n --> TU/lmr/b/n on input line 11.
LaTeX Font Info:    Overwriting math alphabet `\mathsf' in version `normal'
(Font)                  OT1/cmss/m/n --> TU/lmss/m/n on input line 11.
LaTeX Font Info:    Overwriting math alphabet `\mathtt' in version `normal'
(Font)                  OT1/cmtt/m/n --> TU/lmtt/m/n on input line 11.
LaTeX Font Info:    Overwriting symbol font `operators' in version `bold'
(Font)                  TU/lmr/m/n --> TU/lmr/b/n on input line 11.
LaTeX Font Info:    Overwriting math alphabet `\mathit' in version `bold'
(Font)                  OT1/cmr/bx/it --> TU/lmr/b/it on input line 11.
LaTeX Font Info:    Overwriting math alphabet `\mathsf' in version `bold'
(Font)                  OT1/cmss/bx/n --> TU/lmss/b/n on input line 11.
LaTeX Font Info:    Overwriting math alphabet `\mathtt' in version `bold'
(Font)                  OT1/cmtt/m/n --> TU/lmtt/b/n on input line 11.

*geometry* driver: auto-detecting
*geometry* detected driver: xetex
*geometry* verbose mode - [ preamble ] result:
* driver: xetex
* paper: a4paper
* layout: <same size as paper>
* layoutoffset:(h,v)=(0.0pt,0.0pt)
* modes: 
* h-part:(L,W,R)=(59.74988pt, 478.00812pt, 59.74988pt)
* v-part:(T,H,B)=(67.60269pt, 676.04005pt, 101.4041pt)
* \paperwidth=597.50787pt
* \paperheight=845.04684pt
* \textwidth=478.00812pt
* \textheight=676.04005pt
* \oddsidemargin=-12.52011pt
* \evensidemargin=-12.52011pt
* \topmargin=-41.6673pt
* \headheight=12.0pt
* \headsep=25.0pt
* \topskip=10.0pt
* \footskip=30.0pt
* \marginparwidth=65.0pt
* \marginparsep=11.0pt
* \columnsep=10.0pt
* \skip\footins=9.0pt plus 4.0pt minus 2.0pt
* \hoffset=0.0pt
* \voffset=0.0pt
* \mag=1000
* \@twocolumnfalse
* \@twosidefalse
* \@mparswitchfalse
* \@reversemarginfalse
* (1in=72.27pt=25.4mm, 1cm=28.453pt)

\c@lstlisting=\count284
LaTeX Font Info:    External font `cmex10' loaded for size
(Font)              <12.045> on input line 12.
LaTeX Font Info:    External font `cmex10' loaded for size
(Font)              <8> on input line 12.
LaTeX Font Info:    External font `cmex10' loaded for size
(Font)              <6> on input line 12.
[1

] (./Machine Learing Project2 report.toc
LaTeX Font Info:    External font `cmex10' loaded for size
(Font)              <10.53937> on input line 2.
LaTeX Font Info:    External font `cmex10' loaded for size
(Font)              <7> on input line 2.
LaTeX Font Info:    External font `cmex10' loaded for size
(Font)              <5> on input line 2.
LaTeX Font Info:    Font shape `TU/FandolSong-Regular(0)/m/sl' in size <10.5393
7> not available
(Font)              Font shape `TU/FandolSong-Regular(0)/m/it' tried instead on
 input line 39.
 [2])
\tf@toc=\write4
\openout4 = `"Machine Learing Project2 report.toc"'.

 [3]

LaTeX Warning: Citation `garbage' on page 4 undefined on input line 18.


LaTeX Warning: Citation `krizhevsky2014weird' on page 4 undefined on input line
 18.


LaTeX Warning: Citation `10.1007/978-3-319-46493-0_38' on page 4 undefined on i
nput line 19.

File: gb.png Graphic file (type bmp)
<gb.png>

Overfull \hbox (22.86195pt too wide) in paragraph at lines 27--28
[][] 
 []

[4]

LaTeX Warning: Citation `NIPS2012_4824' on page 5 undefined on input line 33.

File: alexnet.png Graphic file (type bmp)
<alexnet.png>

LaTeX Warning: Citation `simonyan2014deep' on page 5 undefined on input line 39
.

File: vgg.png Graphic file (type bmp)
<vgg.png>

LaTeX Warning: Citation `10.1007/978-3-319-46493-0_38' on page 5 undefined on i
nput line 43.

[5]
File: resnet.png Graphic file (type bmp)
<resnet.png>


LaTeX Warning: Citation `Sandler_2018' on page 6 undefined on input line 48.

File: mobilenet_v2_1.png Graphic file (type bmp)
<mobilenet_v2_1.png>
File: densenet.pdf Graphic file (type pdf)
<use densenet.pdf>
[6]

LaTeX Warning: Citation `tan2019efficientnet' on page 7 undefined on input line
 60.

File: efnet.png Graphic file (type bmp)
<efnet.png>
[7]
File: image/untran-alexnet_accuracy_curve.png Graphic file (type bmp)
<image/untran-alexnet_accuracy_curve.png>
File: image/untran-alexnet_loss_curve.png Graphic file (type bmp)
<image/untran-alexnet_loss_curve.png>
File: cm/unalexnet.png Graphic file (type bmp)
<cm/unalexnet.png>
File: image/untran-vgg16bn_accuracy_curve.png Graphic file (type bmp)
<image/untran-vgg16bn_accuracy_curve.png>
File: image/untran-vgg16bn_loss_curve.png Graphic file (type bmp)
<image/untran-vgg16bn_loss_curve.png>
 [8]
File: cm/unvgg16.png Graphic file (type bmp)
<cm/unvgg16.png>
File: image/untran-vgg19bn_accuracy_curve.png Graphic file (type bmp)
<image/untran-vgg19bn_accuracy_curve.png>
File: image/untran-vgg19bn_loss_curve.png Graphic file (type bmp)
<image/untran-vgg19bn_loss_curve.png>
 [9]
File: cm/unvgg19.png Graphic file (type bmp)
<cm/unvgg19.png>
File: image/untran-resnet18_accuracy_curve.png Graphic file (type bmp)
<image/untran-resnet18_accuracy_curve.png>
File: image/untran-resnet18_loss_curve.png Graphic file (type bmp)
<image/untran-resnet18_loss_curve.png>
 [10]
File: cm/unres18.png Graphic file (type bmp)
<cm/unres18.png>
File: image/untran-resnet34_accuracy_curve.png Graphic file (type bmp)
<image/untran-resnet34_accuracy_curve.png>
File: image/untran-resnet34_loss_curve.png Graphic file (type bmp)
<image/untran-resnet34_loss_curve.png>
 [11]
File: cm/unresnet34.png Graphic file (type bmp)
<cm/unresnet34.png>
File: image/untran-resnet50_accuracy_curve.png Graphic file (type bmp)
<image/untran-resnet50_accuracy_curve.png>
File: image/untran-resnet50_loss_curve.png Graphic file (type bmp)
<image/untran-resnet50_loss_curve.png>
 [12]
File: cm/res50.png Graphic file (type bmp)
<cm/res50.png>

Overfull \hbox (24.11758pt too wide) in paragraph at lines 208--210
[]\TU/FandolSong-Regular(0)/m/n/10.53937 混 淆 矩 阵：| [] 
 []

File: image/untran-resnet101_accuracy_curve.png Graphic file (type bmp)
<image/untran-resnet101_accuracy_curve.png>
File: image/untran-resnet101_loss_curve.png Graphic file (type bmp)
<image/untran-resnet101_loss_curve.png>
[13]
File: cm/unres101.png Graphic file (type bmp)
<cm/unres101.png>
File: image/mobilenet_v2_36_ADAM_accuracy_curve.png Graphic file (type bmp)
<image/mobilenet_v2_36_ADAM_accuracy_curve.png>
File: image/mobilenet_v2_36_ADAM_loss_curve.png Graphic file (type bmp)
<image/mobilenet_v2_36_ADAM_loss_curve.png>
 [14]
File: cm/untranmobile.png Graphic file (type bmp)
<cm/untranmobile.png>
File: image/untran-densenet121_accuracy_curve.png Graphic file (type bmp)
<image/untran-densenet121_accuracy_curve.png>
File: image/untran-densenet121_loss_curve.png Graphic file (type bmp)
<image/untran-densenet121_loss_curve.png>
 [15]
File: cm/undense121.png Graphic file (type bmp)
<cm/undense121.png>
File: image/untran-densenet161_accuracy_curve.png Graphic file (type bmp)
<image/untran-densenet161_accuracy_curve.png>
File: image/untran-densenet161_loss_curve.png Graphic file (type bmp)
<image/untran-densenet161_loss_curve.png>
 [16]
File: cm/undense161.png Graphic file (type bmp)
<cm/undense161.png>
File: image/alex_transfer_8_ADAM_accuracy_curve.png Graphic file (type bmp)
<image/alex_transfer_8_ADAM_accuracy_curve.png>
File: image/alex_transfer_8_ADAM_loss_curve.png Graphic file (type bmp)
<image/alex_transfer_8_ADAM_loss_curve.png>
 [17]
File: cm/alexnet.png Graphic file (type bmp)
<cm/alexnet.png>
File: image/vgg_transfer_8_ADAM2_accuracy_curve.png Graphic file (type bmp)
<image/vgg_transfer_8_ADAM2_accuracy_curve.png>
File: image/vgg_transfer_8_ADAM2_loss_curve.png Graphic file (type bmp)
<image/vgg_transfer_8_ADAM2_loss_curve.png>
 [18]
File: cm/vgg16.png Graphic file (type bmp)
<cm/vgg16.png>
File: image/vgg19_bn_36_ADAM_accuracy_curve.png Graphic file (type bmp)
<image/vgg19_bn_36_ADAM_accuracy_curve.png>
File: image/vgg19_bn_36_ADAM_loss_curve.png Graphic file (type bmp)
<image/vgg19_bn_36_ADAM_loss_curve.png>
 [19]
File: cm/vgg19.png Graphic file (type bmp)
<cm/vgg19.png>
File: image/resnet18_36_ADAMtest3_accuracy_curve.png Graphic file (type bmp)
<image/resnet18_36_ADAMtest3_accuracy_curve.png>
File: image/resnet18_36_ADAMtest3_loss_curve.png Graphic file (type bmp)
<image/resnet18_36_ADAMtest3_loss_curve.png>
 [20]
File: cm/res18.png Graphic file (type bmp)
<cm/res18.png>
File: image/transfer_resnet34_ADAM_accuracy_curve.png Graphic file (type bmp)
<image/transfer_resnet34_ADAM_accuracy_curve.png>
File: image/transfer_resnet34_ADAM_loss_curve.png Graphic file (type bmp)
<image/transfer_resnet34_ADAM_loss_curve.png>
 [21]
File: image/transfer_resnet50_ADAM_accuracy_curve.png Graphic file (type bmp)
<image/transfer_resnet50_ADAM_accuracy_curve.png>
File: image/transfer_resnet50_ADAM_loss_curve.png Graphic file (type bmp)
<image/transfer_resnet50_ADAM_loss_curve.png>
File: cm/res50.png Graphic file (type bmp)
<cm/res50.png>
 [22]
File: image/transfer_resnet101_ADAM_accuracy_curve.png Graphic file (type bmp)
<image/transfer_resnet101_ADAM_accuracy_curve.png>
File: image/transfer_resnet101_ADAM_loss_curve.png Graphic file (type bmp)
<image/transfer_resnet101_ADAM_loss_curve.png>
File: cm/res101.png Graphic file (type bmp)
<cm/res101.png>
 [23]
File: image/transfer_mobilenet_ADAM_accuracy_curve.png Graphic file (type bmp)
<image/transfer_mobilenet_ADAM_accuracy_curve.png>
File: image/transfer_mobilenet_ADAM_loss_curve.png Graphic file (type bmp)
<image/transfer_mobilenet_ADAM_loss_curve.png>
File: cm/mobile.png Graphic file (type bmp)
<cm/mobile.png>
 [24]
File: image/transfer_Densenet121_Adam_accuracy_curve.png Graphic file (type bmp
)
<image/transfer_Densenet121_Adam_accuracy_curve.png>
File: image/transfer_Densenet121_Adam_loss_curve.png Graphic file (type bmp)
<image/transfer_Densenet121_Adam_loss_curve.png>
File: cm/dense121.png Graphic file (type bmp)
<cm/dense121.png>
 [25]
File: image/transfer_Densenet161_Adam_accuracy_curve.png Graphic file (type bmp
)
<image/transfer_Densenet161_Adam_accuracy_curve.png>
File: image/transfer_Densenet161_Adam_loss_curve.png Graphic file (type bmp)
<image/transfer_Densenet161_Adam_loss_curve.png>
File: cm/dense161.png Graphic file (type bmp)
<cm/dense161.png>

Overfull \hbox (22.68425pt too wide) in paragraph at lines 560--561
[][] \TU/lmr/m/n/10.53937 port/cm/ 
 []

[26]
File: image/efficient-net_8_ADAM_accuracy_curve.png Graphic file (type bmp)
<image/efficient-net_8_ADAM_accuracy_curve.png>
File: image/efficient-net_8_ADAM_loss_curve.png Graphic file (type bmp)
<image/efficient-net_8_ADAM_loss_curve.png>
File: image/efficient-net_8_RMSprop_accuracy_curve.png Graphic file (type bmp)
<image/efficient-net_8_RMSprop_accuracy_curve.png>
File: image/efficient-net_8_RMSprop_loss_curve.png Graphic file (type bmp)
<image/efficient-net_8_RMSprop_loss_curve.png>
File: image/efficient-net_8_SGD_accuracy_curve.png Graphic file (type bmp)
<image/efficient-net_8_SGD_accuracy_curve.png>
File: image/efficient-net_8_SGD_loss_curve.png Graphic file (type bmp)
<image/efficient-net_8_SGD_loss_curve.png>
 [27]
File: cm/efficient_net_Adam.png Graphic file (type bmp)
<cm/efficient_net_Adam.png>
 [28]
File: cm/efficient_net_RMSprop.png Graphic file (type bmp)
<cm/efficient_net_RMSprop.png>
File: cm/efficient_net_SGD.png Graphic file (type bmp)
<cm/efficient_net_SGD.png>
 [29] [30] [31] (./Machine Learing Project2 report.aux)

LaTeX Warning: There were undefined references.

 ) 
Here is how much of TeX's memory you used:
 9321 strings out of 479282
 255256 string characters out of 5882756
 513335 words of memory out of 5000000
 26797 multiletter control sequences out of 15000+600000
 536206 words of font info for 63 fonts, out of 8000000 for 9000
 1348 hyphenation exceptions out of 8191
 58i,6n,83p,682b,250s stack positions out of 5000i,500n,10000p,200000b,80000s

Output written on Machine Learing Project2 report.pdf (31 pages).
